--- Startup times for process: Primary (or UI client) ---

times in msec
 clock   self+sourced   self:  sourced script
 clock   elapsed:              other lines

000.002  000.002: --- NVIM STARTING ---
000.124  000.122: event init
000.185  000.061: early init
000.224  000.038: locale set
000.261  000.037: init first window
000.638  000.377: inits 1
000.648  000.009: window checked
000.650  000.002: parsing arguments
001.033  000.034  000.034: require('vim.shared')
001.107  000.033  000.033: require('vim.inspect')
001.142  000.028  000.028: require('vim._options')
001.143  000.109  000.047: require('vim._editor')
001.144  000.156  000.013: require('vim._init_packages')
001.145  000.340: init lua interpreter
001.191  000.045: expanding arguments
001.204  000.013: inits 2
001.411  000.207: init highlight
001.430  000.019: clear screen
001.522  000.015  000.015: require('vim.keymap')
002.085  000.119  000.119: sourcing nvim_exec2()
002.188  000.756  000.622: require('vim._defaults')
002.189  000.003: init default mappings & autocommands
002.244  000.056: --cmd commands
008.499  000.091  000.091: sourcing /nix/store/g2fc5ikh6hnm5mhwbly2agcv01hn9fqk-neovim-unwrapped-0.11.4/share/nvim/runtime/ftplugin.vim
008.588  000.019  000.019: sourcing /nix/store/g2fc5ikh6hnm5mhwbly2agcv01hn9fqk-neovim-unwrapped-0.11.4/share/nvim/runtime/indent.vim
009.525  000.580  000.580: require('config.options')
009.816  000.285  000.285: require('config.autocmds')
011.298  000.004  000.004: require('vim.F')
011.332  000.976  000.972: require('vim.diagnostic')
011.595  000.147  000.147: require('vim._inspector')
012.083  000.069  000.069: require('config.root')
012.791  000.016  000.016: require('vim.fs')
012.811  000.118  000.102: require('vim.lsp.log')
013.222  000.410  000.410: require('vim.lsp.protocol')
014.035  000.810  000.810: require('vim.lsp.util')
014.329  000.126  000.126: require('vim.lsp.sync')
014.336  000.299  000.172: require('vim.lsp._changetracking')
014.700  000.120  000.120: require('vim.lsp._transport')
014.731  000.393  000.273: require('vim.lsp.rpc')
014.765  002.678  000.648: require('vim.lsp')
016.165  006.346  002.475: require('config.keymaps')
020.435  003.993  003.993: require('lazy')
020.470  000.014  000.014: require('ffi')
020.627  000.124  000.124: require('vim.uri')
020.645  000.171  000.047: require('vim.loader')
020.765  000.106  000.106: require('lazy.stats')
020.831  000.050  000.050: require('lazy.core.util')
020.892  000.059  000.059: require('lazy.core.config')
021.088  000.111  000.111: require('lazy.core.handler')
021.200  000.033  000.033: require('lazy.pkg')
021.203  000.065  000.032: require('lazy.core.meta')
021.208  000.118  000.054: require('lazy.core.plugin')
021.212  000.319  000.089: require('lazy.core.loader')
021.789  000.045  000.045: require('lazy.async')
021.980  000.058  000.058: require('lazy.manage.process')
022.023  000.042  000.042: require('lazy.terminal')
022.026  000.235  000.136: require('lazy.manage.task')
022.030  000.337  000.057: require('lazy.manage.runner')
022.034  000.412  000.075: require('lazy.manage')
022.036  000.472  000.059: require('lazy.view.commands')
022.088  000.034  000.034: require('lazy.core.fragments')
024.512  000.216  000.216: require('config.icons')
027.426  000.052  000.052: require('config.os')
028.584  000.073  000.073: require('config.statusline')
029.714  000.068  000.068: require('lazy.core.handler.keys')
029.796  000.077  000.077: require('lazy.core.handler.cmd')
029.867  000.069  000.069: require('lazy.core.handler.event')
029.934  000.065  000.065: require('lazy.core.handler.ft')
030.088  000.026  000.026: sourcing nvim_exec2() called at /home/mfarver/.config/nvim/init.lua:0
030.105  000.001  000.001: sourcing nvim_exec2() called at /home/mfarver/.config/nvim/init.lua:0
030.260  000.001  000.001: sourcing nvim_exec2() called at /home/mfarver/.config/nvim/init.lua:0
030.267  000.001  000.001: sourcing nvim_exec2() called at /home/mfarver/.config/nvim/init.lua:0
030.284  000.001  000.001: sourcing nvim_exec2() called at /home/mfarver/.config/nvim/init.lua:0
030.289  000.001  000.001: sourcing nvim_exec2() called at /home/mfarver/.config/nvim/init.lua:0
030.420  000.002  000.002: sourcing nvim_exec2() called at /home/mfarver/.config/nvim/init.lua:0
030.595  000.110  000.110: sourcing /home/mfarver/.local/share/nvim/lazy/go.nvim/ftdetect/filetype.vim
030.600  000.149  000.040: sourcing nvim_exec2() called at /home/mfarver/.config/nvim/init.lua:0
030.610  000.001  000.001: sourcing nvim_exec2() called at /home/mfarver/.config/nvim/init.lua:0
030.760  000.002  000.002: sourcing nvim_exec2() called at /home/mfarver/.config/nvim/init.lua:0
030.773  000.001  000.001: sourcing nvim_exec2() called at /home/mfarver/.config/nvim/init.lua:0
031.086  000.042  000.042: sourcing nvim_exec2() called at /nix/store/g2fc5ikh6hnm5mhwbly2agcv01hn9fqk-neovim-unwrapped-0.11.4/share/nvim/runtime/filetype.lua:0
031.090  000.120  000.078: sourcing /nix/store/g2fc5ikh6hnm5mhwbly2agcv01hn9fqk-neovim-unwrapped-0.11.4/share/nvim/runtime/filetype.lua
031.093  000.150  000.030: sourcing nvim_exec2() called at /home/mfarver/.config/nvim/init.lua:0
031.846  000.418  000.418: require('snacks')
031.849  000.458  000.041: sourcing /home/mfarver/.local/share/nvim/lazy/snacks.nvim/plugin/snacks.lua
031.853  000.485  000.027: sourcing nvim_exec2() called at /home/mfarver/.config/nvim/init.lua:0
031.860  000.002  000.002: sourcing nvim_exec2() called at /home/mfarver/.config/nvim/init.lua:0
031.869  000.001  000.001: sourcing nvim_exec2() called at /home/mfarver/.config/nvim/init.lua:0
032.136  000.035  000.035: sourcing /home/mfarver/.local/share/nvim/lazy/nvim-web-devicons/plugin/nvim-web-devicons.vim
032.140  000.063  000.029: sourcing nvim_exec2() called at /home/mfarver/.config/nvim/init.lua:0
032.144  000.001  000.001: sourcing nvim_exec2() called at /home/mfarver/.config/nvim/init.lua:0
032.156  000.001  000.001: sourcing nvim_exec2() called at /home/mfarver/.config/nvim/init.lua:0
032.165  000.001  000.001: sourcing nvim_exec2() called at /home/mfarver/.config/nvim/init.lua:0
032.171  000.001  000.001: sourcing nvim_exec2() called at /home/mfarver/.config/nvim/init.lua:0
032.399  000.031  000.031: require('arrow.config')
032.482  000.081  000.081: require('arrow.utils')
032.697  000.037  000.037: require('arrow.git')
032.705  000.129  000.092: require('arrow.persist')
032.756  000.050  000.050: require('arrow.integration.icons')
032.759  000.276  000.097: require('arrow.ui')
033.008  000.162  000.162: require('arrow.json')
033.016  000.257  000.094: require('arrow.buffer_persist')
033.281  000.200  000.200: require('arrow.buffer_ui')
033.292  000.275  000.075: require('arrow.commands')
033.335  000.042  000.042: require('arrow.save_keys')
033.337  001.146  000.184: require('arrow')
033.347  000.006  000.006: sourcing nvim_exec2() called at /home/mfarver/.config/nvim/init.lua:0
033.351  000.002  000.002: sourcing nvim_exec2() called at /home/mfarver/.config/nvim/init.lua:0
033.353  000.002  000.002: sourcing nvim_exec2() called at /home/mfarver/.config/nvim/init.lua:0
033.357  000.002  000.002: sourcing nvim_exec2() called at /home/mfarver/.config/nvim/init.lua:0
033.725  000.024  000.024: sourcing /home/mfarver/.local/share/nvim/lazy/plenary.nvim/plugin/plenary.vim
033.728  000.049  000.026: sourcing nvim_exec2() called at /home/mfarver/.config/nvim/init.lua:0
033.733  000.001  000.001: sourcing nvim_exec2() called at /home/mfarver/.config/nvim/init.lua:0
033.745  000.001  000.001: sourcing nvim_exec2() called at /home/mfarver/.config/nvim/init.lua:0
033.753  000.001  000.001: sourcing nvim_exec2() called at /home/mfarver/.config/nvim/init.lua:0
033.759  000.001  000.001: sourcing nvim_exec2() called at /home/mfarver/.config/nvim/init.lua:0
034.100  000.043  000.043: require('null-ls.utils.tbl_flatten')
034.111  000.127  000.084: require('null-ls.utils')
034.224  000.109  000.109: require('vim.iter')
034.288  000.357  000.121: require('null-ls.config')
034.376  000.043  000.043: require('null-ls.helpers.cache')
034.413  000.036  000.036: require('null-ls.helpers.check_exit_code')
034.474  000.060  000.060: require('null-ls.helpers.diagnostics')
034.557  000.049  000.049: require('null-ls.helpers.formatter_factory')
034.709  000.071  000.071: require('null-ls.logger')
034.765  000.054  000.054: require('null-ls.state')
034.767  000.209  000.085: require('null-ls.helpers.generator_factory')
034.873  000.060  000.060: require('null-ls.helpers.command_resolver')
034.875  000.107  000.048: require('null-ls.helpers.make_builtin')
034.914  000.038  000.038: require('null-ls.helpers.range_formatting_args_factory')
034.915  000.627  000.084: require('null-ls.helpers')
035.269  000.174  000.174: require('null-ls.methods')
035.277  000.303  000.128: require('null-ls.diagnostics')
035.293  000.377  000.074: require('null-ls.sources')
035.404  000.106  000.106: require('null-ls.builtins')
035.413  001.649  000.183: require('null-ls')
035.570  000.155  000.155: require('null-ls.builtins.diagnostics.markdownlint_cli2')
035.711  000.139  000.139: require('null-ls.builtins.diagnostics.hadolint')
035.833  000.116  000.116: require('null-ls.builtins.diagnostics.terraform_validate')
035.895  000.060  000.060: require('null-ls.builtins.formatting.terraform_fmt')
035.929  000.032  000.032: require('null-ls.builtins.formatting.sqlfluff')
036.187  000.032  000.032: require('null-ls.loop')
036.193  000.082  000.050: require('null-ls.client')
036.274  000.003  000.003: sourcing nvim_exec2() called at /home/mfarver/.config/nvim/init.lua:0
036.280  000.001  000.001: sourcing nvim_exec2() called at /home/mfarver/.config/nvim/init.lua:0
036.631  000.348  000.348: require('mini.basics')
036.786  000.029  000.029: sourcing /nix/store/g2fc5ikh6hnm5mhwbly2agcv01hn9fqk-neovim-unwrapped-0.11.4/share/nvim/runtime/filetype.lua
036.849  000.010  000.010: sourcing /nix/store/g2fc5ikh6hnm5mhwbly2agcv01hn9fqk-neovim-unwrapped-0.11.4/share/nvim/runtime/ftplugin.vim
036.898  000.005  000.005: sourcing /nix/store/g2fc5ikh6hnm5mhwbly2agcv01hn9fqk-neovim-unwrapped-0.11.4/share/nvim/runtime/indent.vim
036.904  000.214  000.170: sourcing nvim_exec2() called at /home/mfarver/.config/nvim/init.lua:0
043.548  000.006  000.006: sourcing nvim_exec2() called at /home/mfarver/.config/nvim/init.lua:0
043.559  000.001  000.001: sourcing nvim_exec2() called at /home/mfarver/.config/nvim/init.lua:0
044.147  000.579  000.579: require('mini.animate')
044.627  000.004  000.004: sourcing nvim_exec2() called at /home/mfarver/.config/nvim/init.lua:0
044.657  000.001  000.001: sourcing nvim_exec2() called at /home/mfarver/.config/nvim/init.lua:0
044.670  000.001  000.001: sourcing nvim_exec2() called at /home/mfarver/.config/nvim/init.lua:0
044.684  000.001  000.001: sourcing nvim_exec2() called at /home/mfarver/.config/nvim/init.lua:0
045.479  000.427  000.427: require('ufo.utils')
045.497  000.757  000.330: require('ufo')
045.689  000.024  000.024: require('ufo.lib.disposable')
045.736  000.045  000.045: require('ufo.lib.log')
045.738  000.129  000.059: require('ufo.lib.event')
045.826  000.023  000.023: require('promise-async.utils')
045.854  000.027  000.027: require('promise-async.error')
045.884  000.027  000.027: require('promise-async.loop')
045.888  000.118  000.041: require('promise')
045.889  000.150  000.032: require('ufo.provider')
046.113  000.139  000.139: require('ufo.config')
046.205  000.028  000.028: require('promise-async.compat')
046.208  000.093  000.065: require('async')
046.296  000.026  000.026: require('ufo.model.buffer')
046.319  000.022  000.022: require('ufo.model.foldedline')
046.400  000.026  000.026: require('ufo.highlight')
046.424  000.023  000.023: require('ufo.render.extmark')
046.831  000.085  000.085: require('vim.treesitter.language')
046.893  000.055  000.055: require('vim.func')
046.963  000.065  000.065: require('vim.func._memoize')
047.006  000.355  000.150: require('vim.treesitter.query')
047.064  000.054  000.054: require('vim.treesitter._range')
047.076  000.508  000.100: require('vim.treesitter.languagetree')
047.081  000.570  000.062: require('vim.treesitter')
047.090  000.639  000.069: require('vim.treesitter.highlighter')
047.091  000.667  000.028: require('ufo.render.treesitter')
047.118  000.026  000.026: require('ufo.render.match')
047.122  000.802  000.060: require('ufo.render')
047.127  000.888  000.036: require('ufo.model.foldbuffer')
047.156  000.028  000.028: require('ufo.bufmanager')
047.552  000.065  000.065: require('ufo.wffi')
047.555  000.397  000.332: require('ufo.fold.driver')
047.558  001.349  000.036: require('ufo.fold.manager')
047.593  000.032  000.032: require('ufo.lib.debounce')
047.598  001.708  000.095: require('ufo.fold')
047.695  000.036  000.036: require('ufo.model.window')
047.700  000.101  000.065: require('ufo.decorator')
047.810  000.050  000.050: require('ufo.preview.floatwin')
047.842  000.031  000.031: require('ufo.preview.scrollbar')
047.871  000.028  000.028: require('ufo.preview.winbar')
047.900  000.028  000.028: require('ufo.preview.keymap')
047.905  000.204  000.067: require('ufo.preview')
047.909  002.411  000.119: require('ufo.main')
047.939  000.024  000.024: sourcing nvim_exec2() called at /home/mfarver/.config/nvim/init.lua:0
047.982  000.005  000.005: sourcing nvim_exec2() called at /home/mfarver/.config/nvim/init.lua:0
047.989  000.005  000.005: sourcing nvim_exec2() called at /home/mfarver/.config/nvim/init.lua:0
047.998  000.007  000.007: sourcing nvim_exec2() called at /home/mfarver/.config/nvim/init.lua:0
048.158  000.003  000.003: sourcing nvim_exec2() called at /home/mfarver/.config/nvim/init.lua:0
048.165  000.001  000.001: sourcing nvim_exec2() called at /home/mfarver/.config/nvim/init.lua:0
048.509  000.340  000.340: require('mini.hipatterns')
048.919  000.004  000.004: sourcing nvim_exec2() called at /home/mfarver/.config/nvim/init.lua:0
048.927  000.001  000.001: sourcing nvim_exec2() called at /home/mfarver/.config/nvim/init.lua:0
049.589  000.201  000.201: require('dap.utils')
049.694  000.436  000.234: require('dap')
049.700  000.685  000.250: require('nvim-dap-virtual-text')
049.715  000.007  000.007: sourcing nvim_exec2() called at /home/mfarver/.config/nvim/init.lua:0
049.726  000.008  000.008: sourcing nvim_exec2() called at /home/mfarver/.config/nvim/init.lua:0
049.878  000.056  000.056: sourcing /home/mfarver/.local/share/nvim/lazy/nvim-dap/plugin/dap.lua
049.882  000.084  000.028: sourcing nvim_exec2() called at /home/mfarver/.config/nvim/init.lua:0
049.887  000.001  000.001: sourcing nvim_exec2() called at /home/mfarver/.config/nvim/init.lua:0
049.893  000.001  000.001: sourcing nvim_exec2() called at /home/mfarver/.config/nvim/init.lua:0
050.554  000.042  000.042: require('dap.ext.vscode')
050.581  000.025  000.025: require('plenary.json')
050.618  000.003  000.003: sourcing nvim_exec2() called at /home/mfarver/.config/nvim/init.lua:0
050.624  000.001  000.001: sourcing nvim_exec2() called at /home/mfarver/.config/nvim/init.lua:0
050.640  000.001  000.001: sourcing nvim_exec2() called at /home/mfarver/.config/nvim/init.lua:0
050.648  000.001  000.001: sourcing nvim_exec2() called at /home/mfarver/.config/nvim/init.lua:0
050.745  000.025  000.025: require('debugmaster.utils')
050.749  000.068  000.043: require('debugmaster.debug.keymaps')
050.786  000.036  000.036: require('debugmaster.cfg')
050.827  000.040  000.040: require('debugmaster.plugins')
050.876  000.048  000.048: require('debugmaster.debug.mode')
050.878  000.227  000.035: require('debugmaster')
051.069  000.002  000.002: sourcing nvim_exec2() called at /home/mfarver/.config/nvim/init.lua:0
051.074  000.001  000.001: sourcing nvim_exec2() called at /home/mfarver/.config/nvim/init.lua:0
051.284  000.206  000.206: require('mini.misc')
051.510  000.002  000.002: sourcing nvim_exec2() called at /home/mfarver/.config/nvim/init.lua:0
051.516  000.001  000.001: sourcing nvim_exec2() called at /home/mfarver/.config/nvim/init.lua:0
051.522  000.001  000.001: sourcing nvim_exec2() called at /home/mfarver/.config/nvim/init.lua:0
051.526  000.000  000.000: sourcing nvim_exec2() called at /home/mfarver/.config/nvim/init.lua:0
051.934  000.061  000.061: require('leetcode.config.template')
052.098  000.092  000.092: require('plenary.bit')
052.167  000.044  000.044: require('plenary.functional')
052.192  000.256  000.120: require('plenary.path')
052.250  000.054  000.054: require('leetcode.config.langs')
052.284  000.034  000.034: require('leetcode.config.icons')
052.315  000.030  000.030: require('leetcode.config.sessions')
052.350  000.034  000.034: require('leetcode.config.stats')
052.390  000.040  000.040: require('leetcode.config.imports')
052.420  000.029  000.029: require('leetcode.config.hooks')
052.422  000.608  000.071: require('leetcode.config')
052.425  000.885  000.277: require('leetcode')
052.698  000.053  000.053: require('leetcode.translator')
052.710  000.143  000.090: require('leetcode.logger')
052.759  000.047  000.047: require('leetcode.command.arguments')
053.050  000.095  000.095: require('vim.version')
054.191  001.319  001.224: require('nui.utils')
054.193  001.377  000.057: require('nui.utils.buf_storage')
054.206  001.447  000.070: require('nui.utils.autocmd')
054.226  001.729  000.092: require('leetcode.command')
054.569  000.004  000.004: sourcing nvim_exec2() called at /home/mfarver/.config/nvim/init.lua:0
054.577  000.001  000.001: sourcing nvim_exec2() called at /home/mfarver/.config/nvim/init.lua:0
055.104  000.525  000.525: require('mini.extra')
055.129  000.002  000.002: sourcing nvim_exec2() called at /home/mfarver/.config/nvim/init.lua:0
055.143  000.001  000.001: sourcing nvim_exec2() called at /home/mfarver/.config/nvim/init.lua:0
056.378  001.212  001.212: require('mini.pick')
056.701  000.154  000.154: sourcing /home/mfarver/.local/share/nvim/lazy/nvim-treesitter/plugin/filetypes.lua
056.707  000.183  000.030: sourcing nvim_exec2() called at /home/mfarver/.config/nvim/init.lua:0
056.775  000.043  000.043: sourcing /home/mfarver/.local/share/nvim/lazy/nvim-treesitter/plugin/nvim-treesitter.lua
056.778  000.067  000.024: sourcing nvim_exec2() called at /home/mfarver/.config/nvim/init.lua:0
056.821  000.022  000.022: sourcing /home/mfarver/.local/share/nvim/lazy/nvim-treesitter/plugin/query_predicates.lua
056.823  000.042  000.020: sourcing nvim_exec2() called at /home/mfarver/.config/nvim/init.lua:0
056.826  000.001  000.001: sourcing nvim_exec2() called at /home/mfarver/.config/nvim/init.lua:0
056.833  000.001  000.001: sourcing nvim_exec2() called at /home/mfarver/.config/nvim/init.lua:0
057.093  000.248  000.248: require('nvim-treesitter')
057.133  000.038  000.038: require('nvim-treesitter.config')
057.200  000.003  000.003: sourcing nvim_exec2() called at /home/mfarver/.config/nvim/init.lua:0
057.206  000.001  000.001: sourcing nvim_exec2() called at /home/mfarver/.config/nvim/init.lua:0
057.582  000.370  000.370: require('mini.files')
057.710  000.014  000.014: sourcing nvim_exec2() called at /home/mfarver/.config/nvim/init.lua:0
057.716  000.004  000.004: sourcing nvim_exec2() called at /home/mfarver/.config/nvim/init.lua:0
057.796  000.002  000.002: sourcing nvim_exec2() called at /home/mfarver/.config/nvim/init.lua:0
057.803  000.001  000.001: sourcing nvim_exec2() called at /home/mfarver/.config/nvim/init.lua:0
058.040  000.025  000.025: require('dracula.palette')
058.042  000.238  000.212: require('dracula')
058.197  000.003  000.003: sourcing nvim_exec2() called at /home/mfarver/.config/nvim/init.lua:0
058.203  000.001  000.001: sourcing nvim_exec2() called at /home/mfarver/.config/nvim/init.lua:0
058.747  000.029  000.029: require('db-studio.config')
058.821  000.023  000.023: require('db-studio.toml')
058.847  000.025  000.025: require('db-studio.connections.model')
058.848  000.073  000.025: require('db-studio.connections.loader')
058.870  000.022  000.022: require('db-studio.connections.state')
058.872  000.123  000.028: require('db-studio.connections')
058.895  000.022  000.022: require('db-studio.notify')
058.973  000.023  000.023: require('db-studio.lsp.utils')
059.019  000.023  000.023: require('db-studio.lsp.cache')
059.021  000.047  000.024: require('db-studio.lsp.provider')
059.023  000.100  000.030: require('db-studio.lsp.attach')
059.049  000.025  000.025: require('db-studio.lsp.fetch')
059.074  000.178  000.054: require('db-studio.lsp')
059.080  000.585  000.234: require('db-studio')
059.104  000.023  000.023: require('db-studio.business')
059.174  000.036  000.036: require('db-studio.output')
059.196  000.022  000.022: require('db-studio.adapter.snowflake')
059.216  000.019  000.019: require('db-studio.adapter.postgres')
059.237  000.020  000.020: require('db-studio.adapter.sqlite')
059.239  000.134  000.038: require('db-studio.query')
059.338  000.020  000.020: require('db-studio.adapter.loader')
059.340  000.043  000.023: require('db-studio.schema')
059.364  000.023  000.023: require('db-studio.schema.render')
059.365  000.097  000.031: require('db-studio.picker')
059.366  000.126  000.030: require('db-studio.ui')
059.375  000.920  000.052: sourcing /home/mfarver/Documents/repos/snowflake.nvim/plugin/db-studio.lua
059.381  000.945  000.025: sourcing nvim_exec2() called at /home/mfarver/.config/nvim/init.lua:0
059.388  000.003  000.003: sourcing nvim_exec2() called at /home/mfarver/.config/nvim/init.lua:0
059.395  000.001  000.001: sourcing nvim_exec2() called at /home/mfarver/.config/nvim/init.lua:0
059.579  000.002  000.002: sourcing nvim_exec2() called at /home/mfarver/.config/nvim/init.lua:0
059.585  000.001  000.001: sourcing nvim_exec2() called at /home/mfarver/.config/nvim/init.lua:0
059.914  000.023  000.023: require('plenary.compat')
059.919  000.063  000.040: require('plenary.job')
059.922  000.092  000.030: require('gitlinker.git')
059.966  000.043  000.043: require('gitlinker.buffer')
059.986  000.020  000.020: require('gitlinker.mappings')
060.028  000.019  000.019: require('gitlinker.actions')
060.029  000.042  000.023: require('gitlinker.opts')
060.053  000.024  000.024: require('gitlinker.hosts')
060.055  000.461  000.240: require('gitlinker')
060.142  000.003  000.003: sourcing nvim_exec2() called at /home/mfarver/.config/nvim/init.lua:0
060.147  000.001  000.001: sourcing nvim_exec2() called at /home/mfarver/.config/nvim/init.lua:0
060.481  000.332  000.332: require('mini.ai')
060.638  000.003  000.003: sourcing nvim_exec2() called at /home/mfarver/.config/nvim/init.lua:0
060.649  000.001  000.001: sourcing nvim_exec2() called at /home/mfarver/.config/nvim/init.lua:0
060.992  000.337  000.337: require('mini.operators')
061.501  000.287  000.287: require('lspconfig.util')
061.515  000.338  000.050: sourcing /home/mfarver/.local/share/nvim/lazy/nvim-lspconfig/plugin/lspconfig.lua
061.518  000.363  000.026: sourcing nvim_exec2() called at /home/mfarver/.config/nvim/init.lua:0
061.538  000.002  000.002: sourcing nvim_exec2() called at /home/mfarver/.config/nvim/init.lua:0
061.545  000.001  000.001: sourcing nvim_exec2() called at /home/mfarver/.config/nvim/init.lua:0
061.711  000.025  000.025: require('lspconfig.async')
061.713  000.069  000.045: require('lspconfig.configs')
063.534  000.050  000.050: sourcing /nix/store/g2fc5ikh6hnm5mhwbly2agcv01hn9fqk-neovim-unwrapped-0.11.4/share/nvim/runtime/plugin/editorconfig.lua
063.539  000.077  000.026: sourcing nvim_exec2() called at /home/mfarver/.config/nvim/init.lua:0
063.596  000.037  000.037: sourcing /nix/store/g2fc5ikh6hnm5mhwbly2agcv01hn9fqk-neovim-unwrapped-0.11.4/share/nvim/runtime/plugin/man.lua
063.599  000.056  000.019: sourcing nvim_exec2() called at /home/mfarver/.config/nvim/init.lua:0
064.163  000.111  000.111: sourcing /nix/store/g2fc5ikh6hnm5mhwbly2agcv01hn9fqk-neovim-unwrapped-0.11.4/share/nvim/runtime/pack/dist/opt/matchit/plugin/matchit.vim
064.177  000.558  000.448: sourcing /nix/store/g2fc5ikh6hnm5mhwbly2agcv01hn9fqk-neovim-unwrapped-0.11.4/share/nvim/runtime/plugin/matchit.vim
064.179  000.577  000.019: sourcing nvim_exec2() called at /home/mfarver/.config/nvim/init.lua:0
064.275  000.071  000.071: sourcing /nix/store/g2fc5ikh6hnm5mhwbly2agcv01hn9fqk-neovim-unwrapped-0.11.4/share/nvim/runtime/plugin/matchparen.vim
064.277  000.091  000.020: sourcing nvim_exec2() called at /home/mfarver/.config/nvim/init.lua:0
064.360  000.044  000.044: sourcing /nix/store/g2fc5ikh6hnm5mhwbly2agcv01hn9fqk-neovim-unwrapped-0.11.4/share/nvim/runtime/plugin/osc52.lua
064.383  000.084  000.040: sourcing nvim_exec2() called at /home/mfarver/.config/nvim/init.lua:0
064.462  000.005  000.005: sourcing /nix/store/r99hbj4brg6nr0hz7kbylns5fr6xpcjf-neovim-0.11.4/rplugin.vim
064.523  000.116  000.111: sourcing /nix/store/g2fc5ikh6hnm5mhwbly2agcv01hn9fqk-neovim-unwrapped-0.11.4/share/nvim/runtime/plugin/rplugin.vim
064.525  000.137  000.021: sourcing nvim_exec2() called at /home/mfarver/.config/nvim/init.lua:0
064.593  000.034  000.034: sourcing /nix/store/g2fc5ikh6hnm5mhwbly2agcv01hn9fqk-neovim-unwrapped-0.11.4/share/nvim/runtime/plugin/shada.vim
064.595  000.053  000.020: sourcing nvim_exec2() called at /home/mfarver/.config/nvim/init.lua:0
064.624  000.010  000.010: sourcing /nix/store/g2fc5ikh6hnm5mhwbly2agcv01hn9fqk-neovim-unwrapped-0.11.4/share/nvim/runtime/plugin/spellfile.vim
064.626  000.029  000.020: sourcing nvim_exec2() called at /home/mfarver/.config/nvim/init.lua:0
064.737  048.569  023.176: require('config.lazy')
065.721  000.117  000.117: sourcing nvim_exec2() called at /home/mfarver/.local/share/nvim/lazy/dracula.nvim/colors/dracula.lua:0
065.948  000.204  000.204: require('dracula.groups')
066.338  000.819  000.498: sourcing /home/mfarver/.local/share/nvim/lazy/dracula.nvim/colors/dracula.lua
066.365  000.003  000.003: sourcing nvim_exec2() called at ColorScheme Autocommands for "*":0
066.370  000.002  000.002: sourcing nvim_exec2() called at ColorScheme Autocommands for "*":0
066.375  000.004  000.004: sourcing nvim_exec2() called at ColorScheme Autocommands for "*":0
066.413  057.577  000.971: sourcing /home/mfarver/.config/nvim/init.lua
066.424  006.492: sourcing vimrc file(s)
066.598  000.041  000.041: sourcing /nix/store/g2fc5ikh6hnm5mhwbly2agcv01hn9fqk-neovim-unwrapped-0.11.4/share/nvim/runtime/syntax/synload.vim
066.651  000.202  000.161: sourcing /nix/store/g2fc5ikh6hnm5mhwbly2agcv01hn9fqk-neovim-unwrapped-0.11.4/share/nvim/runtime/syntax/syntax.vim
066.659  000.033: inits 3
067.644  000.985: reading ShaDa
068.988  001.080  001.080: require('vim.filetype')
069.711  000.494  000.494: require('vim.filetype.detect')
069.909  000.011  000.011: sourcing nvim_exec2() called at BufWinEnter Autocommands for "*":0
069.939  000.710: reading stdin
069.942  000.003: opening buffers
069.961  000.019: BufEnter autocommands
069.963  000.002: editing files in windows
070.237  000.147  000.147: require('dap.ui')
070.273  000.303  000.156: require('dap.repl')
070.276  000.010: --- NVIM STARTED ---

